<?xml version="1.0" encoding="UTF-8"?><testsuite errors="0" failures="0" name="com.restapiexample.dummy.employeeTest.EmployeeCurdTest" skipped="0" tests="4" time="14.46" timestamp="2019-12-340 08:40:29"><testcase classname="com.restapiexample.dummy.employeeTest.EmployeeCurdTest" name="Create New Employee"/><testcase classname="com.restapiexample.dummy.employeeTest.EmployeeCurdTest" name="Update Employee Information"/><testcase classname="com.restapiexample.dummy.employeeTest.EmployeeCurdTest" name="Get Employee Information"/><testcase classname="com.restapiexample.dummy.employeeTest.EmployeeCurdTest" name="Delete Employee Information"/></testsuite>